2020-08-13 13:10:19 INFO  ebanking:41 - Chrome Browser is in Use!
2020-08-13 13:10:22 INFO  ebanking:14 - Open Base Url
2020-08-13 13:10:25 INFO  ebanking:19 - Entered User Name
2020-08-13 13:10:29 INFO  ebanking:22 - Entered Password
2020-08-13 14:28:45 INFO  ebanking:47 - Chrome Browser is in Use!
2020-08-13 14:28:48 INFO  ebanking:16 - Open Base Url
2020-08-13 14:28:51 INFO  ebanking:21 - Entered User Name
2020-08-13 14:28:54 INFO  ebanking:24 - Entered Password
2020-08-13 14:28:59 INFO  ebanking:27 - Click on the Submit button
2020-08-13 14:33:03 INFO  ebanking:47 - Chrome Browser is in Use!
2020-08-13 14:33:08 INFO  ebanking:16 - Open Base Url
2020-08-13 14:33:12 INFO  ebanking:21 - Entered User Name
2020-08-13 14:33:15 INFO  ebanking:24 - Entered Password
2020-08-13 14:33:20 INFO  ebanking:27 - Click on the Submit button
2020-08-13 15:57:29 INFO  ebanking:47 - Chrome Browser is in Use!
2020-08-13 15:59:11 INFO  ebanking:47 - Chrome Browser is in Use!
2020-08-13 16:00:29 INFO  ebanking:47 - Chrome Browser is in Use!
2020-08-13 16:00:32 INFO  ebanking:20 - Open Base Url
2020-08-13 16:00:36 INFO  ebanking:24 - user name provided
2020-08-13 16:00:39 INFO  ebanking:26 - password provided
2020-08-13 16:00:50 INFO  ebanking:20 - Open Base Url
2020-08-13 16:00:53 INFO  ebanking:24 - user name provided
2020-08-13 16:00:56 INFO  ebanking:26 - password provided
2020-08-13 16:01:05 INFO  ebanking:20 - Open Base Url
2020-08-13 16:01:08 INFO  ebanking:24 - user name provided
2020-08-13 16:01:11 INFO  ebanking:26 - password provided
2020-08-13 16:01:22 INFO  ebanking:20 - Open Base Url
2020-08-13 16:01:25 INFO  ebanking:24 - user name provided
2020-08-13 16:01:28 INFO  ebanking:26 - password provided
2020-08-13 16:01:40 INFO  ebanking:20 - Open Base Url
2020-08-13 16:01:43 INFO  ebanking:24 - user name provided
2020-08-13 16:01:46 INFO  ebanking:26 - password provided
2020-08-13 16:17:00 INFO  ebanking:47 - Chrome Browser is in Use!
2020-08-13 16:17:59 INFO  ebanking:47 - Chrome Browser is in Use!
2020-08-13 16:21:02 INFO  ebanking:47 - Chrome Browser is in Use!
2020-08-13 16:21:06 INFO  ebanking:20 - Open Base Url
2020-08-13 16:21:09 INFO  ebanking:24 - user name provided
2020-08-13 16:21:12 INFO  ebanking:26 - password provided
2020-08-13 16:21:22 INFO  ebanking:20 - Open Base Url
2020-08-13 16:21:25 INFO  ebanking:24 - user name provided
2020-08-13 16:21:28 INFO  ebanking:26 - password provided
2020-08-13 16:21:37 INFO  ebanking:20 - Open Base Url
2020-08-13 16:21:40 INFO  ebanking:24 - user name provided
2020-08-13 16:21:43 INFO  ebanking:26 - password provided
2020-08-13 16:21:52 INFO  ebanking:20 - Open Base Url
2020-08-13 16:21:55 INFO  ebanking:24 - user name provided
2020-08-13 16:21:58 INFO  ebanking:26 - password provided
2020-08-13 16:22:08 INFO  ebanking:20 - Open Base Url
2020-08-13 16:22:11 INFO  ebanking:24 - user name provided
2020-08-13 16:22:14 INFO  ebanking:26 - password provided
2020-08-13 16:24:41 INFO  ebanking:47 - Chrome Browser is in Use!
2020-08-13 16:24:45 INFO  ebanking:20 - Open Base Url
2020-08-13 16:24:49 INFO  ebanking:23 - user name provided
2020-08-13 16:24:52 INFO  ebanking:25 - password provided
2020-08-13 16:24:59 WARN  ebanking:34 - Login passed
2020-08-13 16:25:00 INFO  ebanking:20 - Open Base Url
2020-08-13 16:25:03 INFO  ebanking:23 - user name provided
2020-08-13 16:25:06 INFO  ebanking:25 - password provided
2020-08-13 16:25:14 WARN  ebanking:34 - Login passed
2020-08-13 16:25:18 INFO  ebanking:20 - Open Base Url
2020-08-13 16:25:21 INFO  ebanking:23 - user name provided
2020-08-13 16:25:24 INFO  ebanking:25 - password provided
2020-08-13 16:25:33 WARN  ebanking:34 - Login passed
2020-08-13 16:25:34 INFO  ebanking:20 - Open Base Url
2020-08-13 16:25:37 INFO  ebanking:23 - user name provided
2020-08-13 16:25:40 INFO  ebanking:25 - password provided
2020-08-13 16:25:52 WARN  ebanking:34 - Login passed
2020-08-13 16:25:55 INFO  ebanking:20 - Open Base Url
2020-08-13 16:25:59 INFO  ebanking:23 - user name provided
2020-08-13 16:26:02 INFO  ebanking:25 - password provided
2020-08-13 16:26:09 WARN  ebanking:34 - Login passed
